Wed Apr 02 2025 14:33:09 GMT+0700 [notice] - [process] Attaching exit listeners to the process.
Wed Apr 02 2025 14:33:09 GMT+0700 [notice] - [cache] Fetching and caching Highcharts dependencies.
Wed Apr 02 2025 14:33:09 GMT+0700 [verbose] - [cache] Fetching script - https://code.highcharts.com/highcharts-more.js
Wed Apr 02 2025 14:33:09 GMT+0700 [verbose] - [cache] Fetching script - https://code.highcharts.com/highcharts.js
Wed Apr 02 2025 14:33:09 GMT+0700 [verbose] - [cache] Fetching script - https://code.highcharts.com/highcharts-3d.js
Wed Apr 02 2025 14:33:09 GMT+0700 [notice] - [cache] Updating cache version to Highcharts: latest.
Wed Apr 02 2025 14:33:09 GMT+0700 [verbose] - [cache] Fetching script - https://code.highcharts.com/modules/gantt.js
Wed Apr 02 2025 14:33:09 GMT+0700 [verbose] - [cache] Fetching script - https://code.highcharts.com/maps/modules/map.js
Wed Apr 02 2025 14:33:09 GMT+0700 [verbose] - [cache] Fetching script - https://code.highcharts.com/modules/stock.js
Wed Apr 02 2025 14:33:09 GMT+0700 [verbose] - [cache] Fetching script - https://code.highcharts.com/modules/accessibility.js
Wed Apr 02 2025 14:33:09 GMT+0700 [verbose] - [cache] Fetching script - https://code.highcharts.com/modules/parallel-coordinates.js
Wed Apr 02 2025 14:33:09 GMT+0700 [verbose] - [cache] Fetching script - https://code.highcharts.com/modules/boost.js
Wed Apr 02 2025 14:33:09 GMT+0700 [verbose] - [cache] Fetching script - https://code.highcharts.com/modules/exporting.js
Wed Apr 02 2025 14:33:09 GMT+0700 [verbose] - [cache] Fetching script - https://code.highcharts.com/modules/boost-canvas.js
Wed Apr 02 2025 14:33:09 GMT+0700 [verbose] - [cache] Fetching script - https://code.highcharts.com/modules/draggable-points.js
Wed Apr 02 2025 14:33:09 GMT+0700 [verbose] - [cache] Fetching script - https://code.highcharts.com/modules/data.js
Wed Apr 02 2025 14:33:09 GMT+0700 [verbose] - [cache] Fetching script - https://code.highcharts.com/modules/data-tools.js
Wed Apr 02 2025 14:33:09 GMT+0700 [verbose] - [cache] Fetching script - https://code.highcharts.com/modules/static-scale.js
Wed Apr 02 2025 14:33:09 GMT+0700 [verbose] - [cache] Fetching script - https://code.highcharts.com/modules/broken-axis.js
Wed Apr 02 2025 14:33:09 GMT+0700 [verbose] - [cache] Fetching script - https://code.highcharts.com/modules/heatmap.js
Wed Apr 02 2025 14:33:09 GMT+0700 [verbose] - [cache] Fetching script - https://code.highcharts.com/modules/tilemap.js
Wed Apr 02 2025 14:33:09 GMT+0700 [verbose] - [cache] Fetching script - https://code.highcharts.com/modules/tiledwebmap.js
Wed Apr 02 2025 14:33:09 GMT+0700 [verbose] - [cache] Fetching script - https://code.highcharts.com/modules/timeline.js
Wed Apr 02 2025 14:33:09 GMT+0700 [verbose] - [cache] Fetching script - https://code.highcharts.com/modules/treemap.js
Wed Apr 02 2025 14:33:09 GMT+0700 [verbose] - [cache] Fetching script - https://code.highcharts.com/modules/treegraph.js
Wed Apr 02 2025 14:33:09 GMT+0700 [verbose] - [cache] Fetching script - https://code.highcharts.com/modules/item-series.js
Wed Apr 02 2025 14:33:09 GMT+0700 [verbose] - [cache] Fetching script - https://code.highcharts.com/modules/drilldown.js
Wed Apr 02 2025 14:33:09 GMT+0700 [verbose] - [cache] Fetching script - https://code.highcharts.com/modules/histogram-bellcurve.js
Wed Apr 02 2025 14:33:09 GMT+0700 [verbose] - [cache] Fetching script - https://code.highcharts.com/modules/bullet.js
Wed Apr 02 2025 14:33:09 GMT+0700 [verbose] - [cache] Fetching script - https://code.highcharts.com/modules/funnel.js
Wed Apr 02 2025 14:33:09 GMT+0700 [verbose] - [cache] Fetching script - https://code.highcharts.com/modules/funnel3d.js
Wed Apr 02 2025 14:33:09 GMT+0700 [verbose] - [cache] Fetching script - https://code.highcharts.com/modules/geoheatmap.js
Wed Apr 02 2025 14:33:09 GMT+0700 [verbose] - [cache] Fetching script - https://code.highcharts.com/modules/pyramid3d.js
Wed Apr 02 2025 14:33:09 GMT+0700 [verbose] - [cache] Fetching script - https://code.highcharts.com/modules/networkgraph.js
Wed Apr 02 2025 14:33:09 GMT+0700 [verbose] - [cache] Fetching script - https://code.highcharts.com/modules/overlapping-datalabels.js
Wed Apr 02 2025 14:33:09 GMT+0700 [verbose] - [cache] Fetching script - https://code.highcharts.com/modules/pareto.js
Wed Apr 02 2025 14:33:09 GMT+0700 [verbose] - [cache] Fetching script - https://code.highcharts.com/modules/pattern-fill.js
Wed Apr 02 2025 14:33:09 GMT+0700 [verbose] - [cache] Fetching script - https://code.highcharts.com/modules/pictorial.js
Wed Apr 02 2025 14:33:09 GMT+0700 [verbose] - [cache] Fetching script - https://code.highcharts.com/modules/price-indicator.js
Wed Apr 02 2025 14:33:09 GMT+0700 [verbose] - [cache] Fetching script - https://code.highcharts.com/modules/sankey.js
Wed Apr 02 2025 14:33:09 GMT+0700 [verbose] - [cache] Fetching script - https://code.highcharts.com/modules/arc-diagram.js
Wed Apr 02 2025 14:33:09 GMT+0700 [verbose] - [cache] Fetching script - https://code.highcharts.com/modules/dependency-wheel.js
Wed Apr 02 2025 14:33:09 GMT+0700 [verbose] - [cache] Fetching script - https://code.highcharts.com/modules/series-label.js
Wed Apr 02 2025 14:33:09 GMT+0700 [verbose] - [cache] Fetching script - https://code.highcharts.com/modules/series-on-point.js
Wed Apr 02 2025 14:33:09 GMT+0700 [verbose] - [cache] Fetching script - https://code.highcharts.com/modules/solid-gauge.js
Wed Apr 02 2025 14:33:09 GMT+0700 [verbose] - [cache] Fetching script - https://code.highcharts.com/modules/sonification.js
Wed Apr 02 2025 14:33:09 GMT+0700 [verbose] - [cache] Fetching script - https://code.highcharts.com/modules/streamgraph.js
Wed Apr 02 2025 14:33:09 GMT+0700 [verbose] - [cache] Fetching script - https://code.highcharts.com/modules/sunburst.js
Wed Apr 02 2025 14:33:09 GMT+0700 [verbose] - [cache] Fetching script - https://code.highcharts.com/modules/variable-pie.js
Wed Apr 02 2025 14:33:09 GMT+0700 [verbose] - [cache] Fetching script - https://code.highcharts.com/modules/variwide.js
Wed Apr 02 2025 14:33:09 GMT+0700 [verbose] - [cache] Fetching script - https://code.highcharts.com/modules/vector.js
Wed Apr 02 2025 14:33:09 GMT+0700 [verbose] - [cache] Fetching script - https://code.highcharts.com/modules/venn.js
Wed Apr 02 2025 14:33:09 GMT+0700 [verbose] - [cache] Fetching script - https://code.highcharts.com/modules/windbarb.js
Wed Apr 02 2025 14:33:09 GMT+0700 [verbose] - [cache] Fetching script - https://code.highcharts.com/modules/wordcloud.js
Wed Apr 02 2025 14:33:09 GMT+0700 [verbose] - [cache] Fetching script - https://code.highcharts.com/modules/xrange.js
Wed Apr 02 2025 14:33:09 GMT+0700 [verbose] - [cache] Fetching script - https://code.highcharts.com/modules/no-data-to-display.js
Wed Apr 02 2025 14:33:09 GMT+0700 [verbose] - [cache] Fetching script - https://code.highcharts.com/modules/drag-panes.js
Wed Apr 02 2025 14:33:09 GMT+0700 [verbose] - [cache] Fetching script - https://code.highcharts.com/modules/debugger.js
Wed Apr 02 2025 14:33:09 GMT+0700 [verbose] - [cache] Fetching script - https://code.highcharts.com/modules/dumbbell.js
Wed Apr 02 2025 14:33:09 GMT+0700 [verbose] - [cache] Fetching script - https://code.highcharts.com/modules/organization.js
Wed Apr 02 2025 14:33:09 GMT+0700 [verbose] - [cache] Fetching script - https://code.highcharts.com/modules/lollipop.js
Wed Apr 02 2025 14:33:09 GMT+0700 [verbose] - [cache] Fetching script - https://code.highcharts.com/modules/cylinder.js
Wed Apr 02 2025 14:33:09 GMT+0700 [verbose] - [cache] Fetching script - https://code.highcharts.com/modules/dotplot.js
Wed Apr 02 2025 14:33:09 GMT+0700 [verbose] - [cache] Fetching script - https://code.highcharts.com/modules/marker-clusters.js
Wed Apr 02 2025 14:33:09 GMT+0700 [verbose] - [cache] Fetching script - https://code.highcharts.com/modules/hollowcandlestick.js
Wed Apr 02 2025 14:33:09 GMT+0700 [verbose] - [cache] Fetching script - https://code.highcharts.com/modules/heikinashi.js
Wed Apr 02 2025 14:33:09 GMT+0700 [verbose] - [cache] Fetching script - https://code.highcharts.com/modules/flowmap.js
Wed Apr 02 2025 14:33:09 GMT+0700 [verbose] - [cache] Fetching script - https://code.highcharts.com/modules/export-data.js
Wed Apr 02 2025 14:33:09 GMT+0700 [verbose] - [cache] Fetching script - https://code.highcharts.com/modules/navigator.js
Wed Apr 02 2025 14:33:09 GMT+0700 [verbose] - [cache] Fetching script - https://code.highcharts.com/modules/textpath.js
Wed Apr 02 2025 14:33:09 GMT+0700 [verbose] - [cache] Fetching script - https://code.highcharts.com/stock/indicators/indicators-all.js
Wed Apr 02 2025 14:33:09 GMT+0700 [verbose] - [cache] Fetching script - https://cdnjs.cloudflare.com/ajax/libs/moment.js/2.30.1/moment.min.js
Wed Apr 02 2025 14:33:09 GMT+0700 [verbose] - [cache] Fetching script - https://cdnjs.cloudflare.com/ajax/libs/moment-timezone/0.5.45/moment-timezone-with-data.min.js
Wed Apr 02 2025 14:33:47 GMT+0700 [notice] - [process] Attaching exit listeners to the process.
Wed Apr 02 2025 14:33:47 GMT+0700 [notice] - [cache] Fetching and caching Highcharts dependencies.
Wed Apr 02 2025 14:33:47 GMT+0700 [notice] - [cache] Updating cache version to Highcharts: latest.
Wed Apr 02 2025 14:33:47 GMT+0700 [verbose] - [cache] Fetching script - https://code.highcharts.com/highcharts.js
Wed Apr 02 2025 14:33:47 GMT+0700 [verbose] - [cache] Fetching script - https://code.highcharts.com/highcharts-more.js
Wed Apr 02 2025 14:33:47 GMT+0700 [verbose] - [cache] Fetching script - https://code.highcharts.com/highcharts-3d.js
Wed Apr 02 2025 14:33:47 GMT+0700 [verbose] - [cache] Fetching script - https://code.highcharts.com/modules/stock.js
Wed Apr 02 2025 14:33:47 GMT+0700 [verbose] - [cache] Fetching script - https://code.highcharts.com/maps/modules/map.js
Wed Apr 02 2025 14:33:47 GMT+0700 [verbose] - [cache] Fetching script - https://code.highcharts.com/modules/gantt.js
Wed Apr 02 2025 14:33:47 GMT+0700 [verbose] - [cache] Fetching script - https://code.highcharts.com/modules/exporting.js
Wed Apr 02 2025 14:33:47 GMT+0700 [verbose] - [cache] Fetching script - https://code.highcharts.com/modules/parallel-coordinates.js
Wed Apr 02 2025 14:33:47 GMT+0700 [verbose] - [cache] Fetching script - https://code.highcharts.com/modules/accessibility.js
Wed Apr 02 2025 14:33:47 GMT+0700 [verbose] - [cache] Fetching script - https://code.highcharts.com/modules/boost-canvas.js
Wed Apr 02 2025 14:33:47 GMT+0700 [verbose] - [cache] Fetching script - https://code.highcharts.com/modules/boost.js
Wed Apr 02 2025 14:33:47 GMT+0700 [verbose] - [cache] Fetching script - https://code.highcharts.com/modules/data.js
Wed Apr 02 2025 14:33:48 GMT+0700 [verbose] - [cache] Fetching script - https://code.highcharts.com/modules/data-tools.js
Wed Apr 02 2025 14:33:48 GMT+0700 [verbose] - [cache] Fetching script - https://code.highcharts.com/modules/draggable-points.js
Wed Apr 02 2025 14:33:48 GMT+0700 [verbose] - [cache] Fetching script - https://code.highcharts.com/modules/static-scale.js
Wed Apr 02 2025 14:33:48 GMT+0700 [verbose] - [cache] Fetching script - https://code.highcharts.com/modules/broken-axis.js
Wed Apr 02 2025 14:33:48 GMT+0700 [verbose] - [cache] Fetching script - https://code.highcharts.com/modules/heatmap.js
Wed Apr 02 2025 14:33:48 GMT+0700 [verbose] - [cache] Fetching script - https://code.highcharts.com/modules/tilemap.js
Wed Apr 02 2025 14:33:48 GMT+0700 [verbose] - [cache] Fetching script - https://code.highcharts.com/modules/tiledwebmap.js
Wed Apr 02 2025 14:33:48 GMT+0700 [verbose] - [cache] Fetching script - https://code.highcharts.com/modules/timeline.js
Wed Apr 02 2025 14:33:48 GMT+0700 [verbose] - [cache] Fetching script - https://code.highcharts.com/modules/treemap.js
Wed Apr 02 2025 14:33:48 GMT+0700 [verbose] - [cache] Fetching script - https://code.highcharts.com/modules/treegraph.js
Wed Apr 02 2025 14:33:48 GMT+0700 [verbose] - [cache] Fetching script - https://code.highcharts.com/modules/item-series.js
Wed Apr 02 2025 14:33:48 GMT+0700 [verbose] - [cache] Fetching script - https://code.highcharts.com/modules/drilldown.js
Wed Apr 02 2025 14:33:48 GMT+0700 [verbose] - [cache] Fetching script - https://code.highcharts.com/modules/histogram-bellcurve.js
Wed Apr 02 2025 14:33:48 GMT+0700 [verbose] - [cache] Fetching script - https://code.highcharts.com/modules/bullet.js
Wed Apr 02 2025 14:33:48 GMT+0700 [verbose] - [cache] Fetching script - https://code.highcharts.com/modules/funnel.js
Wed Apr 02 2025 14:33:48 GMT+0700 [verbose] - [cache] Fetching script - https://code.highcharts.com/modules/funnel3d.js
Wed Apr 02 2025 14:33:48 GMT+0700 [verbose] - [cache] Fetching script - https://code.highcharts.com/modules/geoheatmap.js
Wed Apr 02 2025 14:33:48 GMT+0700 [verbose] - [cache] Fetching script - https://code.highcharts.com/modules/pyramid3d.js
Wed Apr 02 2025 14:33:48 GMT+0700 [verbose] - [cache] Fetching script - https://code.highcharts.com/modules/networkgraph.js
Wed Apr 02 2025 14:33:48 GMT+0700 [verbose] - [cache] Fetching script - https://code.highcharts.com/modules/overlapping-datalabels.js
Wed Apr 02 2025 14:33:48 GMT+0700 [verbose] - [cache] Fetching script - https://code.highcharts.com/modules/pareto.js
Wed Apr 02 2025 14:33:48 GMT+0700 [verbose] - [cache] Fetching script - https://code.highcharts.com/modules/pattern-fill.js
Wed Apr 02 2025 14:33:48 GMT+0700 [verbose] - [cache] Fetching script - https://code.highcharts.com/modules/pictorial.js
Wed Apr 02 2025 14:33:48 GMT+0700 [verbose] - [cache] Fetching script - https://code.highcharts.com/modules/price-indicator.js
Wed Apr 02 2025 14:33:48 GMT+0700 [verbose] - [cache] Fetching script - https://code.highcharts.com/modules/sankey.js
Wed Apr 02 2025 14:33:48 GMT+0700 [verbose] - [cache] Fetching script - https://code.highcharts.com/modules/arc-diagram.js
Wed Apr 02 2025 14:33:48 GMT+0700 [verbose] - [cache] Fetching script - https://code.highcharts.com/modules/dependency-wheel.js
Wed Apr 02 2025 14:33:48 GMT+0700 [verbose] - [cache] Fetching script - https://code.highcharts.com/modules/series-label.js
Wed Apr 02 2025 14:33:48 GMT+0700 [verbose] - [cache] Fetching script - https://code.highcharts.com/modules/series-on-point.js
Wed Apr 02 2025 14:33:48 GMT+0700 [verbose] - [cache] Fetching script - https://code.highcharts.com/modules/solid-gauge.js
Wed Apr 02 2025 14:33:48 GMT+0700 [verbose] - [cache] Fetching script - https://code.highcharts.com/modules/sonification.js
Wed Apr 02 2025 14:33:48 GMT+0700 [verbose] - [cache] Fetching script - https://code.highcharts.com/modules/streamgraph.js
Wed Apr 02 2025 14:33:48 GMT+0700 [verbose] - [cache] Fetching script - https://code.highcharts.com/modules/sunburst.js
Wed Apr 02 2025 14:33:48 GMT+0700 [verbose] - [cache] Fetching script - https://code.highcharts.com/modules/variable-pie.js
Wed Apr 02 2025 14:33:48 GMT+0700 [verbose] - [cache] Fetching script - https://code.highcharts.com/modules/variwide.js
Wed Apr 02 2025 14:33:48 GMT+0700 [verbose] - [cache] Fetching script - https://code.highcharts.com/modules/vector.js
Wed Apr 02 2025 14:33:48 GMT+0700 [verbose] - [cache] Fetching script - https://code.highcharts.com/modules/venn.js
Wed Apr 02 2025 14:33:48 GMT+0700 [verbose] - [cache] Fetching script - https://code.highcharts.com/modules/windbarb.js
Wed Apr 02 2025 14:33:48 GMT+0700 [verbose] - [cache] Fetching script - https://code.highcharts.com/modules/wordcloud.js
Wed Apr 02 2025 14:33:48 GMT+0700 [verbose] - [cache] Fetching script - https://code.highcharts.com/modules/xrange.js
Wed Apr 02 2025 14:33:48 GMT+0700 [verbose] - [cache] Fetching script - https://code.highcharts.com/modules/no-data-to-display.js
Wed Apr 02 2025 14:33:48 GMT+0700 [verbose] - [cache] Fetching script - https://code.highcharts.com/modules/drag-panes.js
Wed Apr 02 2025 14:33:48 GMT+0700 [verbose] - [cache] Fetching script - https://code.highcharts.com/modules/debugger.js
Wed Apr 02 2025 14:33:48 GMT+0700 [verbose] - [cache] Fetching script - https://code.highcharts.com/modules/dumbbell.js
Wed Apr 02 2025 14:33:48 GMT+0700 [verbose] - [cache] Fetching script - https://code.highcharts.com/modules/lollipop.js
Wed Apr 02 2025 14:33:48 GMT+0700 [verbose] - [cache] Fetching script - https://code.highcharts.com/modules/cylinder.js
Wed Apr 02 2025 14:33:48 GMT+0700 [verbose] - [cache] Fetching script - https://code.highcharts.com/modules/organization.js
Wed Apr 02 2025 14:33:48 GMT+0700 [verbose] - [cache] Fetching script - https://code.highcharts.com/modules/dotplot.js
Wed Apr 02 2025 14:33:48 GMT+0700 [verbose] - [cache] Fetching script - https://code.highcharts.com/modules/marker-clusters.js
Wed Apr 02 2025 14:33:48 GMT+0700 [verbose] - [cache] Fetching script - https://code.highcharts.com/modules/hollowcandlestick.js
Wed Apr 02 2025 14:33:48 GMT+0700 [verbose] - [cache] Fetching script - https://code.highcharts.com/modules/heikinashi.js
Wed Apr 02 2025 14:33:48 GMT+0700 [verbose] - [cache] Fetching script - https://code.highcharts.com/modules/flowmap.js
Wed Apr 02 2025 14:33:48 GMT+0700 [verbose] - [cache] Fetching script - https://code.highcharts.com/modules/export-data.js
Wed Apr 02 2025 14:33:48 GMT+0700 [verbose] - [cache] Fetching script - https://code.highcharts.com/modules/navigator.js
Wed Apr 02 2025 14:33:48 GMT+0700 [verbose] - [cache] Fetching script - https://code.highcharts.com/modules/textpath.js
Wed Apr 02 2025 14:33:48 GMT+0700 [verbose] - [cache] Fetching script - https://code.highcharts.com/stock/indicators/indicators-all.js
Wed Apr 02 2025 14:33:48 GMT+0700 [verbose] - [cache] Fetching script - https://cdnjs.cloudflare.com/ajax/libs/moment.js/2.30.1/moment.min.js
Wed Apr 02 2025 14:33:48 GMT+0700 [verbose] - [cache] Fetching script - https://cdnjs.cloudflare.com/ajax/libs/moment-timezone/0.5.45/moment-timezone-with-data.min.js
Wed Apr 02 2025 14:34:19 GMT+0700 [notice] - [process] Attaching exit listeners to the process.
Wed Apr 02 2025 14:34:19 GMT+0700 [notice] - [cache] Fetching and caching Highcharts dependencies.
Wed Apr 02 2025 14:34:19 GMT+0700 [notice] - [cache] Updating cache version to Highcharts: latest.
Wed Apr 02 2025 14:34:19 GMT+0700 [verbose] - [cache] Fetching script - https://code.highcharts.com/highcharts.js
Wed Apr 02 2025 14:34:19 GMT+0700 [verbose] - [cache] Fetching script - https://code.highcharts.com/highcharts-more.js
Wed Apr 02 2025 14:34:19 GMT+0700 [verbose] - [cache] Fetching script - https://code.highcharts.com/modules/stock.js
Wed Apr 02 2025 14:34:19 GMT+0700 [verbose] - [cache] Fetching script - https://code.highcharts.com/maps/modules/map.js
Wed Apr 02 2025 14:34:19 GMT+0700 [verbose] - [cache] Fetching script - https://code.highcharts.com/modules/gantt.js
Wed Apr 02 2025 14:34:19 GMT+0700 [verbose] - [cache] Fetching script - https://code.highcharts.com/modules/exporting.js
Wed Apr 02 2025 14:34:19 GMT+0700 [verbose] - [cache] Fetching script - https://code.highcharts.com/modules/parallel-coordinates.js
Wed Apr 02 2025 14:34:19 GMT+0700 [verbose] - [cache] Fetching script - https://code.highcharts.com/modules/boost-canvas.js
Wed Apr 02 2025 14:34:19 GMT+0700 [verbose] - [cache] Fetching script - https://code.highcharts.com/modules/boost.js
Wed Apr 02 2025 14:34:19 GMT+0700 [verbose] - [cache] Fetching script - https://code.highcharts.com/modules/data-tools.js
Wed Apr 02 2025 14:34:19 GMT+0700 [verbose] - [cache] Fetching script - https://code.highcharts.com/modules/draggable-points.js
Wed Apr 02 2025 14:34:19 GMT+0700 [verbose] - [cache] Fetching script - https://code.highcharts.com/modules/data.js
Wed Apr 02 2025 14:34:19 GMT+0700 [verbose] - [cache] Fetching script - https://code.highcharts.com/modules/static-scale.js
Wed Apr 02 2025 14:34:19 GMT+0700 [verbose] - [cache] Fetching script - https://code.highcharts.com/modules/accessibility.js
Wed Apr 02 2025 14:34:19 GMT+0700 [verbose] - [cache] Fetching script - https://code.highcharts.com/highcharts-3d.js
Wed Apr 02 2025 14:34:19 GMT+0700 [verbose] - [cache] Fetching script - https://code.highcharts.com/modules/heatmap.js
Wed Apr 02 2025 14:34:19 GMT+0700 [verbose] - [cache] Fetching script - https://code.highcharts.com/modules/broken-axis.js
Wed Apr 02 2025 14:34:19 GMT+0700 [verbose] - [cache] Fetching script - https://code.highcharts.com/modules/timeline.js
Wed Apr 02 2025 14:34:19 GMT+0700 [verbose] - [cache] Fetching script - https://code.highcharts.com/modules/tilemap.js
Wed Apr 02 2025 14:34:19 GMT+0700 [verbose] - [cache] Fetching script - https://code.highcharts.com/modules/treemap.js
Wed Apr 02 2025 14:34:19 GMT+0700 [verbose] - [cache] Fetching script - https://code.highcharts.com/modules/treegraph.js
Wed Apr 02 2025 14:34:19 GMT+0700 [verbose] - [cache] Fetching script - https://code.highcharts.com/modules/drilldown.js
Wed Apr 02 2025 14:34:19 GMT+0700 [verbose] - [cache] Fetching script - https://code.highcharts.com/modules/tiledwebmap.js
Wed Apr 02 2025 14:34:19 GMT+0700 [verbose] - [cache] Fetching script - https://code.highcharts.com/modules/histogram-bellcurve.js
Wed Apr 02 2025 14:34:19 GMT+0700 [verbose] - [cache] Fetching script - https://code.highcharts.com/modules/funnel.js
Wed Apr 02 2025 14:34:19 GMT+0700 [verbose] - [cache] Fetching script - https://code.highcharts.com/modules/bullet.js
Wed Apr 02 2025 14:34:19 GMT+0700 [verbose] - [cache] Fetching script - https://code.highcharts.com/modules/item-series.js
Wed Apr 02 2025 14:34:19 GMT+0700 [verbose] - [cache] Fetching script - https://code.highcharts.com/modules/pyramid3d.js
Wed Apr 02 2025 14:34:19 GMT+0700 [verbose] - [cache] Fetching script - https://code.highcharts.com/modules/geoheatmap.js
Wed Apr 02 2025 14:34:19 GMT+0700 [verbose] - [cache] Fetching script - https://code.highcharts.com/modules/funnel3d.js
Wed Apr 02 2025 14:34:19 GMT+0700 [verbose] - [cache] Fetching script - https://code.highcharts.com/modules/overlapping-datalabels.js
Wed Apr 02 2025 14:34:19 GMT+0700 [verbose] - [cache] Fetching script - https://code.highcharts.com/modules/pattern-fill.js
Wed Apr 02 2025 14:34:19 GMT+0700 [verbose] - [cache] Fetching script - https://code.highcharts.com/modules/networkgraph.js
Wed Apr 02 2025 14:34:19 GMT+0700 [verbose] - [cache] Fetching script - https://code.highcharts.com/modules/price-indicator.js
Wed Apr 02 2025 14:34:19 GMT+0700 [verbose] - [cache] Fetching script - https://code.highcharts.com/modules/pictorial.js
Wed Apr 02 2025 14:34:19 GMT+0700 [verbose] - [cache] Fetching script - https://code.highcharts.com/modules/sankey.js
Wed Apr 02 2025 14:34:19 GMT+0700 [verbose] - [cache] Fetching script - https://code.highcharts.com/modules/pareto.js
Wed Apr 02 2025 14:34:19 GMT+0700 [verbose] - [cache] Fetching script - https://code.highcharts.com/modules/arc-diagram.js
Wed Apr 02 2025 14:34:19 GMT+0700 [verbose] - [cache] Fetching script - https://code.highcharts.com/modules/dependency-wheel.js
Wed Apr 02 2025 14:34:19 GMT+0700 [verbose] - [cache] Fetching script - https://code.highcharts.com/modules/series-label.js
Wed Apr 02 2025 14:34:19 GMT+0700 [verbose] - [cache] Fetching script - https://code.highcharts.com/modules/series-on-point.js
Wed Apr 02 2025 14:34:19 GMT+0700 [verbose] - [cache] Fetching script - https://code.highcharts.com/modules/solid-gauge.js
Wed Apr 02 2025 14:34:19 GMT+0700 [verbose] - [cache] Fetching script - https://code.highcharts.com/modules/sonification.js
Wed Apr 02 2025 14:34:19 GMT+0700 [verbose] - [cache] Fetching script - https://code.highcharts.com/modules/streamgraph.js
Wed Apr 02 2025 14:34:19 GMT+0700 [verbose] - [cache] Fetching script - https://code.highcharts.com/modules/sunburst.js
Wed Apr 02 2025 14:34:19 GMT+0700 [verbose] - [cache] Fetching script - https://code.highcharts.com/modules/variable-pie.js
Wed Apr 02 2025 14:34:19 GMT+0700 [verbose] - [cache] Fetching script - https://code.highcharts.com/modules/variwide.js
Wed Apr 02 2025 14:34:19 GMT+0700 [verbose] - [cache] Fetching script - https://code.highcharts.com/modules/vector.js
Wed Apr 02 2025 14:34:19 GMT+0700 [verbose] - [cache] Fetching script - https://code.highcharts.com/modules/venn.js
Wed Apr 02 2025 14:34:19 GMT+0700 [verbose] - [cache] Fetching script - https://code.highcharts.com/modules/windbarb.js
Wed Apr 02 2025 14:34:19 GMT+0700 [verbose] - [cache] Fetching script - https://code.highcharts.com/modules/wordcloud.js
Wed Apr 02 2025 14:34:19 GMT+0700 [verbose] - [cache] Fetching script - https://code.highcharts.com/modules/xrange.js
Wed Apr 02 2025 14:34:19 GMT+0700 [verbose] - [cache] Fetching script - https://code.highcharts.com/modules/no-data-to-display.js
Wed Apr 02 2025 14:34:19 GMT+0700 [verbose] - [cache] Fetching script - https://code.highcharts.com/modules/drag-panes.js
Wed Apr 02 2025 14:34:19 GMT+0700 [verbose] - [cache] Fetching script - https://code.highcharts.com/modules/debugger.js
Wed Apr 02 2025 14:34:19 GMT+0700 [verbose] - [cache] Fetching script - https://code.highcharts.com/modules/dumbbell.js
Wed Apr 02 2025 14:34:19 GMT+0700 [verbose] - [cache] Fetching script - https://code.highcharts.com/modules/lollipop.js
Wed Apr 02 2025 14:34:19 GMT+0700 [verbose] - [cache] Fetching script - https://code.highcharts.com/modules/cylinder.js
Wed Apr 02 2025 14:34:19 GMT+0700 [verbose] - [cache] Fetching script - https://code.highcharts.com/modules/organization.js
Wed Apr 02 2025 14:34:19 GMT+0700 [verbose] - [cache] Fetching script - https://code.highcharts.com/modules/dotplot.js
Wed Apr 02 2025 14:34:19 GMT+0700 [verbose] - [cache] Fetching script - https://code.highcharts.com/modules/marker-clusters.js
Wed Apr 02 2025 14:34:19 GMT+0700 [verbose] - [cache] Fetching script - https://code.highcharts.com/modules/hollowcandlestick.js
Wed Apr 02 2025 14:34:19 GMT+0700 [verbose] - [cache] Fetching script - https://code.highcharts.com/modules/heikinashi.js
Wed Apr 02 2025 14:34:19 GMT+0700 [verbose] - [cache] Fetching script - https://code.highcharts.com/modules/flowmap.js
Wed Apr 02 2025 14:34:19 GMT+0700 [verbose] - [cache] Fetching script - https://code.highcharts.com/modules/export-data.js
Wed Apr 02 2025 14:34:19 GMT+0700 [verbose] - [cache] Fetching script - https://code.highcharts.com/modules/navigator.js
Wed Apr 02 2025 14:34:19 GMT+0700 [verbose] - [cache] Fetching script - https://code.highcharts.com/modules/textpath.js
Wed Apr 02 2025 14:34:19 GMT+0700 [verbose] - [cache] Fetching script - https://code.highcharts.com/stock/indicators/indicators-all.js
Wed Apr 02 2025 14:34:19 GMT+0700 [verbose] - [cache] Fetching script - https://cdnjs.cloudflare.com/ajax/libs/moment.js/2.30.1/moment.min.js
Wed Apr 02 2025 14:34:19 GMT+0700 [verbose] - [cache] Fetching script - https://cdnjs.cloudflare.com/ajax/libs/moment-timezone/0.5.45/moment-timezone-with-data.min.js
Wed Apr 02 2025 14:36:32 GMT+0700 [notice] - [process] Attaching exit listeners to the process.
Wed Apr 02 2025 14:36:32 GMT+0700 [notice] - [cache] Fetching and caching Highcharts dependencies.
Wed Apr 02 2025 14:36:32 GMT+0700 [verbose] - [cache] Fetching script - https://code.highcharts.com/highcharts.js
Wed Apr 02 2025 14:36:32 GMT+0700 [verbose] - [cache] Fetching script - https://code.highcharts.com/highcharts-3d.js
Wed Apr 02 2025 14:36:32 GMT+0700 [notice] - [cache] Updating cache version to Highcharts: latest.
Wed Apr 02 2025 14:36:32 GMT+0700 [verbose] - [cache] Fetching script - https://code.highcharts.com/highcharts-more.js
Wed Apr 02 2025 14:36:32 GMT+0700 [verbose] - [cache] Fetching script - https://code.highcharts.com/modules/stock.js
Wed Apr 02 2025 14:36:32 GMT+0700 [verbose] - [cache] Fetching script - https://code.highcharts.com/maps/modules/map.js
Wed Apr 02 2025 14:36:32 GMT+0700 [verbose] - [cache] Fetching script - https://code.highcharts.com/modules/gantt.js
Wed Apr 02 2025 14:36:32 GMT+0700 [verbose] - [cache] Fetching script - https://code.highcharts.com/modules/exporting.js
Wed Apr 02 2025 14:36:32 GMT+0700 [verbose] - [cache] Fetching script - https://code.highcharts.com/modules/parallel-coordinates.js
Wed Apr 02 2025 14:36:32 GMT+0700 [verbose] - [cache] Fetching script - https://code.highcharts.com/modules/accessibility.js
Wed Apr 02 2025 14:36:32 GMT+0700 [verbose] - [cache] Fetching script - https://code.highcharts.com/modules/boost-canvas.js
Wed Apr 02 2025 14:36:32 GMT+0700 [verbose] - [cache] Fetching script - https://code.highcharts.com/modules/boost.js
Wed Apr 02 2025 14:36:32 GMT+0700 [verbose] - [cache] Fetching script - https://code.highcharts.com/modules/data.js
Wed Apr 02 2025 14:36:32 GMT+0700 [verbose] - [cache] Fetching script - https://code.highcharts.com/modules/data-tools.js
Wed Apr 02 2025 14:36:32 GMT+0700 [verbose] - [cache] Fetching script - https://code.highcharts.com/modules/draggable-points.js
Wed Apr 02 2025 14:36:32 GMT+0700 [verbose] - [cache] Fetching script - https://code.highcharts.com/modules/static-scale.js
Wed Apr 02 2025 14:36:32 GMT+0700 [verbose] - [cache] Fetching script - https://code.highcharts.com/modules/broken-axis.js
Wed Apr 02 2025 14:36:32 GMT+0700 [verbose] - [cache] Fetching script - https://code.highcharts.com/modules/heatmap.js
Wed Apr 02 2025 14:36:32 GMT+0700 [verbose] - [cache] Fetching script - https://code.highcharts.com/modules/tilemap.js
Wed Apr 02 2025 14:36:32 GMT+0700 [verbose] - [cache] Fetching script - https://code.highcharts.com/modules/tiledwebmap.js
Wed Apr 02 2025 14:36:32 GMT+0700 [verbose] - [cache] Fetching script - https://code.highcharts.com/modules/timeline.js
Wed Apr 02 2025 14:36:32 GMT+0700 [verbose] - [cache] Fetching script - https://code.highcharts.com/modules/treemap.js
Wed Apr 02 2025 14:36:32 GMT+0700 [verbose] - [cache] Fetching script - https://code.highcharts.com/modules/treegraph.js
Wed Apr 02 2025 14:36:32 GMT+0700 [verbose] - [cache] Fetching script - https://code.highcharts.com/modules/item-series.js
Wed Apr 02 2025 14:36:32 GMT+0700 [verbose] - [cache] Fetching script - https://code.highcharts.com/modules/drilldown.js
Wed Apr 02 2025 14:36:32 GMT+0700 [verbose] - [cache] Fetching script - https://code.highcharts.com/modules/histogram-bellcurve.js
Wed Apr 02 2025 14:36:32 GMT+0700 [verbose] - [cache] Fetching script - https://code.highcharts.com/modules/bullet.js
Wed Apr 02 2025 14:36:32 GMT+0700 [verbose] - [cache] Fetching script - https://code.highcharts.com/modules/funnel.js
Wed Apr 02 2025 14:36:32 GMT+0700 [verbose] - [cache] Fetching script - https://code.highcharts.com/modules/funnel3d.js
Wed Apr 02 2025 14:36:32 GMT+0700 [verbose] - [cache] Fetching script - https://code.highcharts.com/modules/geoheatmap.js
Wed Apr 02 2025 14:36:32 GMT+0700 [verbose] - [cache] Fetching script - https://code.highcharts.com/modules/pyramid3d.js
Wed Apr 02 2025 14:36:32 GMT+0700 [verbose] - [cache] Fetching script - https://code.highcharts.com/modules/networkgraph.js
Wed Apr 02 2025 14:36:32 GMT+0700 [verbose] - [cache] Fetching script - https://code.highcharts.com/modules/overlapping-datalabels.js
Wed Apr 02 2025 14:36:32 GMT+0700 [verbose] - [cache] Fetching script - https://code.highcharts.com/modules/pareto.js
Wed Apr 02 2025 14:36:32 GMT+0700 [verbose] - [cache] Fetching script - https://code.highcharts.com/modules/pattern-fill.js
Wed Apr 02 2025 14:36:32 GMT+0700 [verbose] - [cache] Fetching script - https://code.highcharts.com/modules/pictorial.js
Wed Apr 02 2025 14:36:32 GMT+0700 [verbose] - [cache] Fetching script - https://code.highcharts.com/modules/price-indicator.js
Wed Apr 02 2025 14:36:32 GMT+0700 [verbose] - [cache] Fetching script - https://code.highcharts.com/modules/sankey.js
Wed Apr 02 2025 14:36:32 GMT+0700 [verbose] - [cache] Fetching script - https://code.highcharts.com/modules/arc-diagram.js
Wed Apr 02 2025 14:36:32 GMT+0700 [verbose] - [cache] Fetching script - https://code.highcharts.com/modules/dependency-wheel.js
Wed Apr 02 2025 14:36:32 GMT+0700 [verbose] - [cache] Fetching script - https://code.highcharts.com/modules/series-label.js
Wed Apr 02 2025 14:36:32 GMT+0700 [verbose] - [cache] Fetching script - https://code.highcharts.com/modules/series-on-point.js
Wed Apr 02 2025 14:36:32 GMT+0700 [verbose] - [cache] Fetching script - https://code.highcharts.com/modules/solid-gauge.js
Wed Apr 02 2025 14:36:32 GMT+0700 [verbose] - [cache] Fetching script - https://code.highcharts.com/modules/sonification.js
Wed Apr 02 2025 14:36:32 GMT+0700 [verbose] - [cache] Fetching script - https://code.highcharts.com/modules/streamgraph.js
Wed Apr 02 2025 14:36:32 GMT+0700 [verbose] - [cache] Fetching script - https://code.highcharts.com/modules/sunburst.js
Wed Apr 02 2025 14:36:32 GMT+0700 [verbose] - [cache] Fetching script - https://code.highcharts.com/modules/variable-pie.js
Wed Apr 02 2025 14:36:32 GMT+0700 [verbose] - [cache] Fetching script - https://code.highcharts.com/modules/variwide.js
Wed Apr 02 2025 14:36:32 GMT+0700 [verbose] - [cache] Fetching script - https://code.highcharts.com/modules/vector.js
Wed Apr 02 2025 14:36:32 GMT+0700 [verbose] - [cache] Fetching script - https://code.highcharts.com/modules/venn.js
Wed Apr 02 2025 14:36:32 GMT+0700 [verbose] - [cache] Fetching script - https://code.highcharts.com/modules/windbarb.js
Wed Apr 02 2025 14:36:32 GMT+0700 [verbose] - [cache] Fetching script - https://code.highcharts.com/modules/wordcloud.js
Wed Apr 02 2025 14:36:32 GMT+0700 [verbose] - [cache] Fetching script - https://code.highcharts.com/modules/xrange.js
Wed Apr 02 2025 14:36:32 GMT+0700 [verbose] - [cache] Fetching script - https://code.highcharts.com/modules/no-data-to-display.js
Wed Apr 02 2025 14:36:32 GMT+0700 [verbose] - [cache] Fetching script - https://code.highcharts.com/modules/drag-panes.js
Wed Apr 02 2025 14:36:32 GMT+0700 [verbose] - [cache] Fetching script - https://code.highcharts.com/modules/debugger.js
Wed Apr 02 2025 14:36:32 GMT+0700 [verbose] - [cache] Fetching script - https://code.highcharts.com/modules/dumbbell.js
Wed Apr 02 2025 14:36:32 GMT+0700 [verbose] - [cache] Fetching script - https://code.highcharts.com/modules/lollipop.js
Wed Apr 02 2025 14:36:32 GMT+0700 [verbose] - [cache] Fetching script - https://code.highcharts.com/modules/cylinder.js
Wed Apr 02 2025 14:36:32 GMT+0700 [verbose] - [cache] Fetching script - https://code.highcharts.com/modules/organization.js
Wed Apr 02 2025 14:36:32 GMT+0700 [verbose] - [cache] Fetching script - https://code.highcharts.com/modules/dotplot.js
Wed Apr 02 2025 14:36:32 GMT+0700 [verbose] - [cache] Fetching script - https://code.highcharts.com/modules/marker-clusters.js
Wed Apr 02 2025 14:36:32 GMT+0700 [verbose] - [cache] Fetching script - https://code.highcharts.com/modules/hollowcandlestick.js
Wed Apr 02 2025 14:36:32 GMT+0700 [verbose] - [cache] Fetching script - https://code.highcharts.com/modules/heikinashi.js
Wed Apr 02 2025 14:36:32 GMT+0700 [verbose] - [cache] Fetching script - https://code.highcharts.com/modules/flowmap.js
Wed Apr 02 2025 14:36:32 GMT+0700 [verbose] - [cache] Fetching script - https://code.highcharts.com/modules/export-data.js
Wed Apr 02 2025 14:36:32 GMT+0700 [verbose] - [cache] Fetching script - https://code.highcharts.com/modules/navigator.js
Wed Apr 02 2025 14:36:32 GMT+0700 [verbose] - [cache] Fetching script - https://code.highcharts.com/modules/textpath.js
Wed Apr 02 2025 14:36:32 GMT+0700 [verbose] - [cache] Fetching script - https://code.highcharts.com/stock/indicators/indicators-all.js
Wed Apr 02 2025 14:36:32 GMT+0700 [verbose] - [cache] Fetching script - https://cdnjs.cloudflare.com/ajax/libs/moment.js/2.30.1/moment.min.js
Wed Apr 02 2025 14:36:32 GMT+0700 [verbose] - [cache] Fetching script - https://cdnjs.cloudflare.com/ajax/libs/moment-timezone/0.5.45/moment-timezone-with-data.min.js
Wed Apr 02 2025 14:38:32 GMT+0700 [notice] - [process] Attaching exit listeners to the process.
Wed Apr 02 2025 14:38:32 GMT+0700 [notice] - [cache] Fetching and caching Highcharts dependencies.
Wed Apr 02 2025 14:38:32 GMT+0700 [notice] - [cache] Updating cache version to Highcharts: latest.
Wed Apr 02 2025 14:38:32 GMT+0700 [verbose] - [cache] Fetching script - https://code.highcharts.com/highcharts.js
Wed Apr 02 2025 14:38:32 GMT+0700 [verbose] - [cache] Fetching script - https://code.highcharts.com/highcharts-more.js
Wed Apr 02 2025 14:38:32 GMT+0700 [verbose] - [cache] Fetching script - https://code.highcharts.com/highcharts-3d.js
Wed Apr 02 2025 14:38:32 GMT+0700 [verbose] - [cache] Fetching script - https://code.highcharts.com/modules/stock.js
Wed Apr 02 2025 14:38:32 GMT+0700 [verbose] - [cache] Fetching script - https://code.highcharts.com/maps/modules/map.js
Wed Apr 02 2025 14:38:32 GMT+0700 [verbose] - [cache] Fetching script - https://code.highcharts.com/modules/gantt.js
Wed Apr 02 2025 14:38:32 GMT+0700 [verbose] - [cache] Fetching script - https://code.highcharts.com/modules/exporting.js
Wed Apr 02 2025 14:38:32 GMT+0700 [verbose] - [cache] Fetching script - https://code.highcharts.com/modules/parallel-coordinates.js
Wed Apr 02 2025 14:38:32 GMT+0700 [verbose] - [cache] Fetching script - https://code.highcharts.com/modules/accessibility.js
Wed Apr 02 2025 14:38:32 GMT+0700 [verbose] - [cache] Fetching script - https://code.highcharts.com/modules/boost-canvas.js
Wed Apr 02 2025 14:38:32 GMT+0700 [verbose] - [cache] Fetching script - https://code.highcharts.com/modules/boost.js
Wed Apr 02 2025 14:38:32 GMT+0700 [verbose] - [cache] Fetching script - https://code.highcharts.com/modules/data.js
Wed Apr 02 2025 14:38:32 GMT+0700 [verbose] - [cache] Fetching script - https://code.highcharts.com/modules/data-tools.js
Wed Apr 02 2025 14:38:32 GMT+0700 [verbose] - [cache] Fetching script - https://code.highcharts.com/modules/draggable-points.js
Wed Apr 02 2025 14:38:32 GMT+0700 [verbose] - [cache] Fetching script - https://code.highcharts.com/modules/static-scale.js
Wed Apr 02 2025 14:38:32 GMT+0700 [verbose] - [cache] Fetching script - https://code.highcharts.com/modules/broken-axis.js
Wed Apr 02 2025 14:38:32 GMT+0700 [verbose] - [cache] Fetching script - https://code.highcharts.com/modules/heatmap.js
Wed Apr 02 2025 14:38:32 GMT+0700 [verbose] - [cache] Fetching script - https://code.highcharts.com/modules/tilemap.js
Wed Apr 02 2025 14:38:32 GMT+0700 [verbose] - [cache] Fetching script - https://code.highcharts.com/modules/tiledwebmap.js
Wed Apr 02 2025 14:38:32 GMT+0700 [verbose] - [cache] Fetching script - https://code.highcharts.com/modules/timeline.js
Wed Apr 02 2025 14:38:32 GMT+0700 [verbose] - [cache] Fetching script - https://code.highcharts.com/modules/treemap.js
Wed Apr 02 2025 14:38:32 GMT+0700 [verbose] - [cache] Fetching script - https://code.highcharts.com/modules/treegraph.js
Wed Apr 02 2025 14:38:32 GMT+0700 [verbose] - [cache] Fetching script - https://code.highcharts.com/modules/item-series.js
Wed Apr 02 2025 14:38:32 GMT+0700 [verbose] - [cache] Fetching script - https://code.highcharts.com/modules/drilldown.js
Wed Apr 02 2025 14:38:32 GMT+0700 [verbose] - [cache] Fetching script - https://code.highcharts.com/modules/histogram-bellcurve.js
Wed Apr 02 2025 14:38:32 GMT+0700 [verbose] - [cache] Fetching script - https://code.highcharts.com/modules/bullet.js
Wed Apr 02 2025 14:38:32 GMT+0700 [verbose] - [cache] Fetching script - https://code.highcharts.com/modules/funnel.js
Wed Apr 02 2025 14:38:32 GMT+0700 [verbose] - [cache] Fetching script - https://code.highcharts.com/modules/funnel3d.js
Wed Apr 02 2025 14:38:32 GMT+0700 [verbose] - [cache] Fetching script - https://code.highcharts.com/modules/geoheatmap.js
Wed Apr 02 2025 14:38:32 GMT+0700 [verbose] - [cache] Fetching script - https://code.highcharts.com/modules/pyramid3d.js
Wed Apr 02 2025 14:38:32 GMT+0700 [verbose] - [cache] Fetching script - https://code.highcharts.com/modules/networkgraph.js
Wed Apr 02 2025 14:38:32 GMT+0700 [verbose] - [cache] Fetching script - https://code.highcharts.com/modules/overlapping-datalabels.js
Wed Apr 02 2025 14:38:32 GMT+0700 [verbose] - [cache] Fetching script - https://code.highcharts.com/modules/pareto.js
Wed Apr 02 2025 14:38:32 GMT+0700 [verbose] - [cache] Fetching script - https://code.highcharts.com/modules/pattern-fill.js
Wed Apr 02 2025 14:38:32 GMT+0700 [verbose] - [cache] Fetching script - https://code.highcharts.com/modules/pictorial.js
Wed Apr 02 2025 14:38:32 GMT+0700 [verbose] - [cache] Fetching script - https://code.highcharts.com/modules/price-indicator.js
Wed Apr 02 2025 14:38:32 GMT+0700 [verbose] - [cache] Fetching script - https://code.highcharts.com/modules/sankey.js
Wed Apr 02 2025 14:38:32 GMT+0700 [verbose] - [cache] Fetching script - https://code.highcharts.com/modules/arc-diagram.js
Wed Apr 02 2025 14:38:32 GMT+0700 [verbose] - [cache] Fetching script - https://code.highcharts.com/modules/dependency-wheel.js
Wed Apr 02 2025 14:38:32 GMT+0700 [verbose] - [cache] Fetching script - https://code.highcharts.com/modules/series-label.js
Wed Apr 02 2025 14:38:32 GMT+0700 [verbose] - [cache] Fetching script - https://code.highcharts.com/modules/series-on-point.js
Wed Apr 02 2025 14:38:32 GMT+0700 [verbose] - [cache] Fetching script - https://code.highcharts.com/modules/solid-gauge.js
Wed Apr 02 2025 14:38:32 GMT+0700 [verbose] - [cache] Fetching script - https://code.highcharts.com/modules/sonification.js
Wed Apr 02 2025 14:38:32 GMT+0700 [verbose] - [cache] Fetching script - https://code.highcharts.com/modules/streamgraph.js
Wed Apr 02 2025 14:38:32 GMT+0700 [verbose] - [cache] Fetching script - https://code.highcharts.com/modules/sunburst.js
Wed Apr 02 2025 14:38:32 GMT+0700 [verbose] - [cache] Fetching script - https://code.highcharts.com/modules/variable-pie.js
Wed Apr 02 2025 14:38:32 GMT+0700 [verbose] - [cache] Fetching script - https://code.highcharts.com/modules/variwide.js
Wed Apr 02 2025 14:38:32 GMT+0700 [verbose] - [cache] Fetching script - https://code.highcharts.com/modules/vector.js
Wed Apr 02 2025 14:38:32 GMT+0700 [verbose] - [cache] Fetching script - https://code.highcharts.com/modules/venn.js
Wed Apr 02 2025 14:38:32 GMT+0700 [verbose] - [cache] Fetching script - https://code.highcharts.com/modules/windbarb.js
Wed Apr 02 2025 14:38:32 GMT+0700 [verbose] - [cache] Fetching script - https://code.highcharts.com/modules/wordcloud.js
Wed Apr 02 2025 14:38:32 GMT+0700 [verbose] - [cache] Fetching script - https://code.highcharts.com/modules/xrange.js
Wed Apr 02 2025 14:38:32 GMT+0700 [verbose] - [cache] Fetching script - https://code.highcharts.com/modules/no-data-to-display.js
Wed Apr 02 2025 14:38:32 GMT+0700 [verbose] - [cache] Fetching script - https://code.highcharts.com/modules/drag-panes.js
Wed Apr 02 2025 14:38:32 GMT+0700 [verbose] - [cache] Fetching script - https://code.highcharts.com/modules/debugger.js
Wed Apr 02 2025 14:38:32 GMT+0700 [verbose] - [cache] Fetching script - https://code.highcharts.com/modules/dumbbell.js
Wed Apr 02 2025 14:38:32 GMT+0700 [verbose] - [cache] Fetching script - https://code.highcharts.com/modules/lollipop.js
Wed Apr 02 2025 14:38:32 GMT+0700 [verbose] - [cache] Fetching script - https://code.highcharts.com/modules/cylinder.js
Wed Apr 02 2025 14:38:32 GMT+0700 [verbose] - [cache] Fetching script - https://code.highcharts.com/modules/organization.js
Wed Apr 02 2025 14:38:32 GMT+0700 [verbose] - [cache] Fetching script - https://code.highcharts.com/modules/dotplot.js
Wed Apr 02 2025 14:38:32 GMT+0700 [verbose] - [cache] Fetching script - https://code.highcharts.com/modules/marker-clusters.js
Wed Apr 02 2025 14:38:32 GMT+0700 [verbose] - [cache] Fetching script - https://code.highcharts.com/modules/hollowcandlestick.js
Wed Apr 02 2025 14:38:32 GMT+0700 [verbose] - [cache] Fetching script - https://code.highcharts.com/modules/heikinashi.js
Wed Apr 02 2025 14:38:32 GMT+0700 [verbose] - [cache] Fetching script - https://code.highcharts.com/modules/flowmap.js
Wed Apr 02 2025 14:38:32 GMT+0700 [verbose] - [cache] Fetching script - https://code.highcharts.com/modules/export-data.js
Wed Apr 02 2025 14:38:32 GMT+0700 [verbose] - [cache] Fetching script - https://code.highcharts.com/modules/navigator.js
Wed Apr 02 2025 14:38:32 GMT+0700 [verbose] - [cache] Fetching script - https://code.highcharts.com/modules/textpath.js
Wed Apr 02 2025 14:38:32 GMT+0700 [verbose] - [cache] Fetching script - https://code.highcharts.com/stock/indicators/indicators-all.js
Wed Apr 02 2025 14:38:32 GMT+0700 [verbose] - [cache] Fetching script - https://cdnjs.cloudflare.com/ajax/libs/moment.js/2.30.1/moment.min.js
Wed Apr 02 2025 14:38:32 GMT+0700 [verbose] - [cache] Fetching script - https://cdnjs.cloudflare.com/ajax/libs/moment-timezone/0.5.45/moment-timezone-with-data.min.js
Wed Apr 02 2025 14:40:10 GMT+0700 [notice] - [process] Attaching exit listeners to the process.
Wed Apr 02 2025 14:40:10 GMT+0700 [notice] - [cache] Fetching and caching Highcharts dependencies.
Wed Apr 02 2025 14:40:10 GMT+0700 [notice] - [cache] Updating cache version to Highcharts: latest.
Wed Apr 02 2025 14:40:10 GMT+0700 [verbose] - [cache] Fetching script - https://code.highcharts.com/highcharts.js
Wed Apr 02 2025 14:40:10 GMT+0700 [verbose] - [cache] Fetching script - https://code.highcharts.com/highcharts-more.js
Wed Apr 02 2025 14:40:10 GMT+0700 [verbose] - [cache] Fetching script - https://code.highcharts.com/highcharts-3d.js
Wed Apr 02 2025 14:40:10 GMT+0700 [verbose] - [cache] Fetching script - https://code.highcharts.com/modules/stock.js
Wed Apr 02 2025 14:40:10 GMT+0700 [verbose] - [cache] Fetching script - https://code.highcharts.com/maps/modules/map.js
Wed Apr 02 2025 14:40:10 GMT+0700 [verbose] - [cache] Fetching script - https://code.highcharts.com/modules/gantt.js
Wed Apr 02 2025 14:40:10 GMT+0700 [verbose] - [cache] Fetching script - https://code.highcharts.com/modules/exporting.js
Wed Apr 02 2025 14:40:10 GMT+0700 [verbose] - [cache] Fetching script - https://code.highcharts.com/modules/parallel-coordinates.js
Wed Apr 02 2025 14:40:10 GMT+0700 [verbose] - [cache] Fetching script - https://code.highcharts.com/modules/accessibility.js
Wed Apr 02 2025 14:40:10 GMT+0700 [verbose] - [cache] Fetching script - https://code.highcharts.com/modules/boost-canvas.js
Wed Apr 02 2025 14:40:10 GMT+0700 [verbose] - [cache] Fetching script - https://code.highcharts.com/modules/boost.js
Wed Apr 02 2025 14:40:10 GMT+0700 [verbose] - [cache] Fetching script - https://code.highcharts.com/modules/data.js
Wed Apr 02 2025 14:40:10 GMT+0700 [verbose] - [cache] Fetching script - https://code.highcharts.com/modules/data-tools.js
Wed Apr 02 2025 14:40:10 GMT+0700 [verbose] - [cache] Fetching script - https://code.highcharts.com/modules/draggable-points.js
Wed Apr 02 2025 14:40:10 GMT+0700 [verbose] - [cache] Fetching script - https://code.highcharts.com/modules/static-scale.js
Wed Apr 02 2025 14:40:10 GMT+0700 [verbose] - [cache] Fetching script - https://code.highcharts.com/modules/broken-axis.js
Wed Apr 02 2025 14:40:10 GMT+0700 [verbose] - [cache] Fetching script - https://code.highcharts.com/modules/heatmap.js
Wed Apr 02 2025 14:40:10 GMT+0700 [verbose] - [cache] Fetching script - https://code.highcharts.com/modules/tilemap.js
Wed Apr 02 2025 14:40:10 GMT+0700 [verbose] - [cache] Fetching script - https://code.highcharts.com/modules/tiledwebmap.js
Wed Apr 02 2025 14:40:10 GMT+0700 [verbose] - [cache] Fetching script - https://code.highcharts.com/modules/timeline.js
Wed Apr 02 2025 14:40:10 GMT+0700 [verbose] - [cache] Fetching script - https://code.highcharts.com/modules/treemap.js
Wed Apr 02 2025 14:40:10 GMT+0700 [verbose] - [cache] Fetching script - https://code.highcharts.com/modules/treegraph.js
Wed Apr 02 2025 14:40:10 GMT+0700 [verbose] - [cache] Fetching script - https://code.highcharts.com/modules/item-series.js
Wed Apr 02 2025 14:40:10 GMT+0700 [verbose] - [cache] Fetching script - https://code.highcharts.com/modules/drilldown.js
Wed Apr 02 2025 14:40:10 GMT+0700 [verbose] - [cache] Fetching script - https://code.highcharts.com/modules/histogram-bellcurve.js
Wed Apr 02 2025 14:40:10 GMT+0700 [verbose] - [cache] Fetching script - https://code.highcharts.com/modules/bullet.js
Wed Apr 02 2025 14:40:10 GMT+0700 [verbose] - [cache] Fetching script - https://code.highcharts.com/modules/funnel.js
Wed Apr 02 2025 14:40:10 GMT+0700 [verbose] - [cache] Fetching script - https://code.highcharts.com/modules/funnel3d.js
Wed Apr 02 2025 14:40:10 GMT+0700 [verbose] - [cache] Fetching script - https://code.highcharts.com/modules/geoheatmap.js
Wed Apr 02 2025 14:40:10 GMT+0700 [verbose] - [cache] Fetching script - https://code.highcharts.com/modules/pyramid3d.js
Wed Apr 02 2025 14:40:10 GMT+0700 [verbose] - [cache] Fetching script - https://code.highcharts.com/modules/networkgraph.js
Wed Apr 02 2025 14:40:10 GMT+0700 [verbose] - [cache] Fetching script - https://code.highcharts.com/modules/overlapping-datalabels.js
Wed Apr 02 2025 14:40:10 GMT+0700 [verbose] - [cache] Fetching script - https://code.highcharts.com/modules/pareto.js
Wed Apr 02 2025 14:40:10 GMT+0700 [verbose] - [cache] Fetching script - https://code.highcharts.com/modules/pattern-fill.js
Wed Apr 02 2025 14:40:10 GMT+0700 [verbose] - [cache] Fetching script - https://code.highcharts.com/modules/pictorial.js
Wed Apr 02 2025 14:40:10 GMT+0700 [verbose] - [cache] Fetching script - https://code.highcharts.com/modules/price-indicator.js
Wed Apr 02 2025 14:40:10 GMT+0700 [verbose] - [cache] Fetching script - https://code.highcharts.com/modules/sankey.js
Wed Apr 02 2025 14:40:10 GMT+0700 [verbose] - [cache] Fetching script - https://code.highcharts.com/modules/arc-diagram.js
Wed Apr 02 2025 14:40:10 GMT+0700 [verbose] - [cache] Fetching script - https://code.highcharts.com/modules/dependency-wheel.js
Wed Apr 02 2025 14:40:10 GMT+0700 [verbose] - [cache] Fetching script - https://code.highcharts.com/modules/series-label.js
Wed Apr 02 2025 14:40:10 GMT+0700 [verbose] - [cache] Fetching script - https://code.highcharts.com/modules/series-on-point.js
Wed Apr 02 2025 14:40:10 GMT+0700 [verbose] - [cache] Fetching script - https://code.highcharts.com/modules/solid-gauge.js
Wed Apr 02 2025 14:40:10 GMT+0700 [verbose] - [cache] Fetching script - https://code.highcharts.com/modules/sonification.js
Wed Apr 02 2025 14:40:10 GMT+0700 [verbose] - [cache] Fetching script - https://code.highcharts.com/modules/streamgraph.js
Wed Apr 02 2025 14:40:10 GMT+0700 [verbose] - [cache] Fetching script - https://code.highcharts.com/modules/sunburst.js
Wed Apr 02 2025 14:40:10 GMT+0700 [verbose] - [cache] Fetching script - https://code.highcharts.com/modules/variable-pie.js
Wed Apr 02 2025 14:40:10 GMT+0700 [verbose] - [cache] Fetching script - https://code.highcharts.com/modules/variwide.js
Wed Apr 02 2025 14:40:10 GMT+0700 [verbose] - [cache] Fetching script - https://code.highcharts.com/modules/vector.js
Wed Apr 02 2025 14:40:10 GMT+0700 [verbose] - [cache] Fetching script - https://code.highcharts.com/modules/venn.js
Wed Apr 02 2025 14:40:10 GMT+0700 [verbose] - [cache] Fetching script - https://code.highcharts.com/modules/windbarb.js
Wed Apr 02 2025 14:40:10 GMT+0700 [verbose] - [cache] Fetching script - https://code.highcharts.com/modules/wordcloud.js
Wed Apr 02 2025 14:40:10 GMT+0700 [verbose] - [cache] Fetching script - https://code.highcharts.com/modules/xrange.js
Wed Apr 02 2025 14:40:10 GMT+0700 [verbose] - [cache] Fetching script - https://code.highcharts.com/modules/no-data-to-display.js
Wed Apr 02 2025 14:40:10 GMT+0700 [verbose] - [cache] Fetching script - https://code.highcharts.com/modules/drag-panes.js
Wed Apr 02 2025 14:40:10 GMT+0700 [verbose] - [cache] Fetching script - https://code.highcharts.com/modules/debugger.js
Wed Apr 02 2025 14:40:10 GMT+0700 [verbose] - [cache] Fetching script - https://code.highcharts.com/modules/dumbbell.js
Wed Apr 02 2025 14:40:10 GMT+0700 [verbose] - [cache] Fetching script - https://code.highcharts.com/modules/lollipop.js
Wed Apr 02 2025 14:40:10 GMT+0700 [verbose] - [cache] Fetching script - https://code.highcharts.com/modules/cylinder.js
Wed Apr 02 2025 14:40:10 GMT+0700 [verbose] - [cache] Fetching script - https://code.highcharts.com/modules/organization.js
Wed Apr 02 2025 14:40:10 GMT+0700 [verbose] - [cache] Fetching script - https://code.highcharts.com/modules/dotplot.js
Wed Apr 02 2025 14:40:10 GMT+0700 [verbose] - [cache] Fetching script - https://code.highcharts.com/modules/marker-clusters.js
Wed Apr 02 2025 14:40:10 GMT+0700 [verbose] - [cache] Fetching script - https://code.highcharts.com/modules/hollowcandlestick.js
Wed Apr 02 2025 14:40:10 GMT+0700 [verbose] - [cache] Fetching script - https://code.highcharts.com/modules/heikinashi.js
Wed Apr 02 2025 14:40:10 GMT+0700 [verbose] - [cache] Fetching script - https://code.highcharts.com/modules/flowmap.js
Wed Apr 02 2025 14:40:10 GMT+0700 [verbose] - [cache] Fetching script - https://code.highcharts.com/modules/export-data.js
Wed Apr 02 2025 14:40:10 GMT+0700 [verbose] - [cache] Fetching script - https://code.highcharts.com/modules/navigator.js
Wed Apr 02 2025 14:40:10 GMT+0700 [verbose] - [cache] Fetching script - https://code.highcharts.com/modules/textpath.js
Wed Apr 02 2025 14:40:10 GMT+0700 [verbose] - [cache] Fetching script - https://code.highcharts.com/stock/indicators/indicators-all.js
Wed Apr 02 2025 14:40:10 GMT+0700 [verbose] - [cache] Fetching script - https://cdnjs.cloudflare.com/ajax/libs/moment.js/2.30.1/moment.min.js
Wed Apr 02 2025 14:40:10 GMT+0700 [verbose] - [cache] Fetching script - https://cdnjs.cloudflare.com/ajax/libs/moment-timezone/0.5.45/moment-timezone-with-data.min.js
Wed Apr 02 2025 14:42:58 GMT+0700 [notice] - [process] Attaching exit listeners to the process.
Wed Apr 02 2025 14:42:58 GMT+0700 [notice] - [cache] Fetching and caching Highcharts dependencies.
Wed Apr 02 2025 14:42:58 GMT+0700 [notice] - [cache] Updating cache version to Highcharts: latest.
Wed Apr 02 2025 14:42:58 GMT+0700 [verbose] - [cache] Fetching script - https://code.highcharts.com/highcharts.js
Wed Apr 02 2025 14:42:58 GMT+0700 [verbose] - [cache] Fetching script - https://code.highcharts.com/highcharts-more.js
Wed Apr 02 2025 14:42:58 GMT+0700 [verbose] - [cache] Fetching script - https://code.highcharts.com/highcharts-3d.js
Wed Apr 02 2025 14:42:58 GMT+0700 [verbose] - [cache] Fetching script - https://code.highcharts.com/modules/stock.js
Wed Apr 02 2025 14:42:58 GMT+0700 [verbose] - [cache] Fetching script - https://code.highcharts.com/maps/modules/map.js
Wed Apr 02 2025 14:42:58 GMT+0700 [verbose] - [cache] Fetching script - https://code.highcharts.com/modules/gantt.js
Wed Apr 02 2025 14:42:58 GMT+0700 [verbose] - [cache] Fetching script - https://code.highcharts.com/modules/exporting.js
Wed Apr 02 2025 14:42:58 GMT+0700 [verbose] - [cache] Fetching script - https://code.highcharts.com/modules/parallel-coordinates.js
Wed Apr 02 2025 14:42:58 GMT+0700 [verbose] - [cache] Fetching script - https://code.highcharts.com/modules/boost-canvas.js
Wed Apr 02 2025 14:42:58 GMT+0700 [verbose] - [cache] Fetching script - https://code.highcharts.com/modules/boost.js
Wed Apr 02 2025 14:42:58 GMT+0700 [verbose] - [cache] Fetching script - https://code.highcharts.com/modules/data.js
Wed Apr 02 2025 14:42:58 GMT+0700 [verbose] - [cache] Fetching script - https://code.highcharts.com/modules/data-tools.js
Wed Apr 02 2025 14:42:58 GMT+0700 [verbose] - [cache] Fetching script - https://code.highcharts.com/modules/draggable-points.js
Wed Apr 02 2025 14:42:58 GMT+0700 [verbose] - [cache] Fetching script - https://code.highcharts.com/modules/static-scale.js
Wed Apr 02 2025 14:42:58 GMT+0700 [verbose] - [cache] Fetching script - https://code.highcharts.com/modules/broken-axis.js
Wed Apr 02 2025 14:42:58 GMT+0700 [verbose] - [cache] Fetching script - https://code.highcharts.com/modules/heatmap.js
Wed Apr 02 2025 14:42:58 GMT+0700 [verbose] - [cache] Fetching script - https://code.highcharts.com/modules/tilemap.js
Wed Apr 02 2025 14:42:58 GMT+0700 [verbose] - [cache] Fetching script - https://code.highcharts.com/modules/tiledwebmap.js
Wed Apr 02 2025 14:42:58 GMT+0700 [verbose] - [cache] Fetching script - https://code.highcharts.com/modules/timeline.js
Wed Apr 02 2025 14:42:58 GMT+0700 [verbose] - [cache] Fetching script - https://code.highcharts.com/modules/treemap.js
Wed Apr 02 2025 14:42:58 GMT+0700 [verbose] - [cache] Fetching script - https://code.highcharts.com/modules/treegraph.js
Wed Apr 02 2025 14:42:58 GMT+0700 [verbose] - [cache] Fetching script - https://code.highcharts.com/modules/item-series.js
Wed Apr 02 2025 14:42:58 GMT+0700 [verbose] - [cache] Fetching script - https://code.highcharts.com/modules/drilldown.js
Wed Apr 02 2025 14:42:58 GMT+0700 [verbose] - [cache] Fetching script - https://code.highcharts.com/modules/accessibility.js
Wed Apr 02 2025 14:42:58 GMT+0700 [verbose] - [cache] Fetching script - https://code.highcharts.com/modules/histogram-bellcurve.js
Wed Apr 02 2025 14:42:58 GMT+0700 [verbose] - [cache] Fetching script - https://code.highcharts.com/modules/bullet.js
Wed Apr 02 2025 14:42:58 GMT+0700 [verbose] - [cache] Fetching script - https://code.highcharts.com/modules/funnel.js
Wed Apr 02 2025 14:42:58 GMT+0700 [verbose] - [cache] Fetching script - https://code.highcharts.com/modules/funnel3d.js
Wed Apr 02 2025 14:42:58 GMT+0700 [verbose] - [cache] Fetching script - https://code.highcharts.com/modules/geoheatmap.js
Wed Apr 02 2025 14:42:58 GMT+0700 [verbose] - [cache] Fetching script - https://code.highcharts.com/modules/pyramid3d.js
Wed Apr 02 2025 14:42:58 GMT+0700 [verbose] - [cache] Fetching script - https://code.highcharts.com/modules/networkgraph.js
Wed Apr 02 2025 14:42:58 GMT+0700 [verbose] - [cache] Fetching script - https://code.highcharts.com/modules/overlapping-datalabels.js
Wed Apr 02 2025 14:42:58 GMT+0700 [verbose] - [cache] Fetching script - https://code.highcharts.com/modules/pareto.js
Wed Apr 02 2025 14:42:58 GMT+0700 [verbose] - [cache] Fetching script - https://code.highcharts.com/modules/pattern-fill.js
Wed Apr 02 2025 14:42:58 GMT+0700 [verbose] - [cache] Fetching script - https://code.highcharts.com/modules/pictorial.js
Wed Apr 02 2025 14:42:58 GMT+0700 [verbose] - [cache] Fetching script - https://code.highcharts.com/modules/price-indicator.js
Wed Apr 02 2025 14:42:58 GMT+0700 [verbose] - [cache] Fetching script - https://code.highcharts.com/modules/sankey.js
Wed Apr 02 2025 14:42:58 GMT+0700 [verbose] - [cache] Fetching script - https://code.highcharts.com/modules/arc-diagram.js
Wed Apr 02 2025 14:42:58 GMT+0700 [verbose] - [cache] Fetching script - https://code.highcharts.com/modules/dependency-wheel.js
Wed Apr 02 2025 14:42:58 GMT+0700 [verbose] - [cache] Fetching script - https://code.highcharts.com/modules/series-label.js
Wed Apr 02 2025 14:42:58 GMT+0700 [verbose] - [cache] Fetching script - https://code.highcharts.com/modules/series-on-point.js
Wed Apr 02 2025 14:42:58 GMT+0700 [verbose] - [cache] Fetching script - https://code.highcharts.com/modules/solid-gauge.js
Wed Apr 02 2025 14:42:58 GMT+0700 [verbose] - [cache] Fetching script - https://code.highcharts.com/modules/sonification.js
Wed Apr 02 2025 14:42:58 GMT+0700 [verbose] - [cache] Fetching script - https://code.highcharts.com/modules/streamgraph.js
Wed Apr 02 2025 14:42:58 GMT+0700 [verbose] - [cache] Fetching script - https://code.highcharts.com/modules/sunburst.js
Wed Apr 02 2025 14:42:58 GMT+0700 [verbose] - [cache] Fetching script - https://code.highcharts.com/modules/variable-pie.js
Wed Apr 02 2025 14:42:58 GMT+0700 [verbose] - [cache] Fetching script - https://code.highcharts.com/modules/variwide.js
Wed Apr 02 2025 14:42:58 GMT+0700 [verbose] - [cache] Fetching script - https://code.highcharts.com/modules/vector.js
Wed Apr 02 2025 14:42:58 GMT+0700 [verbose] - [cache] Fetching script - https://code.highcharts.com/modules/venn.js
Wed Apr 02 2025 14:42:58 GMT+0700 [verbose] - [cache] Fetching script - https://code.highcharts.com/modules/windbarb.js
Wed Apr 02 2025 14:42:58 GMT+0700 [verbose] - [cache] Fetching script - https://code.highcharts.com/modules/wordcloud.js
Wed Apr 02 2025 14:42:58 GMT+0700 [verbose] - [cache] Fetching script - https://code.highcharts.com/modules/xrange.js
Wed Apr 02 2025 14:42:58 GMT+0700 [verbose] - [cache] Fetching script - https://code.highcharts.com/modules/no-data-to-display.js
Wed Apr 02 2025 14:42:58 GMT+0700 [verbose] - [cache] Fetching script - https://code.highcharts.com/modules/drag-panes.js
Wed Apr 02 2025 14:42:58 GMT+0700 [verbose] - [cache] Fetching script - https://code.highcharts.com/modules/debugger.js
Wed Apr 02 2025 14:42:58 GMT+0700 [verbose] - [cache] Fetching script - https://code.highcharts.com/modules/dumbbell.js
Wed Apr 02 2025 14:42:58 GMT+0700 [verbose] - [cache] Fetching script - https://code.highcharts.com/modules/lollipop.js
Wed Apr 02 2025 14:42:58 GMT+0700 [verbose] - [cache] Fetching script - https://code.highcharts.com/modules/cylinder.js
Wed Apr 02 2025 14:42:58 GMT+0700 [verbose] - [cache] Fetching script - https://code.highcharts.com/modules/organization.js
Wed Apr 02 2025 14:42:58 GMT+0700 [verbose] - [cache] Fetching script - https://code.highcharts.com/modules/dotplot.js
Wed Apr 02 2025 14:42:58 GMT+0700 [verbose] - [cache] Fetching script - https://code.highcharts.com/modules/marker-clusters.js
Wed Apr 02 2025 14:42:58 GMT+0700 [verbose] - [cache] Fetching script - https://code.highcharts.com/modules/hollowcandlestick.js
Wed Apr 02 2025 14:42:58 GMT+0700 [verbose] - [cache] Fetching script - https://code.highcharts.com/modules/heikinashi.js
Wed Apr 02 2025 14:42:58 GMT+0700 [verbose] - [cache] Fetching script - https://code.highcharts.com/modules/flowmap.js
Wed Apr 02 2025 14:42:58 GMT+0700 [verbose] - [cache] Fetching script - https://code.highcharts.com/modules/export-data.js
Wed Apr 02 2025 14:42:58 GMT+0700 [verbose] - [cache] Fetching script - https://code.highcharts.com/modules/navigator.js
Wed Apr 02 2025 14:42:58 GMT+0700 [verbose] - [cache] Fetching script - https://code.highcharts.com/modules/textpath.js
Wed Apr 02 2025 14:42:58 GMT+0700 [verbose] - [cache] Fetching script - https://code.highcharts.com/stock/indicators/indicators-all.js
Wed Apr 02 2025 14:42:58 GMT+0700 [verbose] - [cache] Fetching script - https://cdnjs.cloudflare.com/ajax/libs/moment.js/2.30.1/moment.min.js
Wed Apr 02 2025 14:42:58 GMT+0700 [verbose] - [cache] Fetching script - https://cdnjs.cloudflare.com/ajax/libs/moment-timezone/0.5.45/moment-timezone-with-data.min.js
